[0.018s] Invoking command in '/home/pankaja/gp7_ws/build/gp7_description': CMAKE_PREFIX_PATH=${CMAKE_PREFIX_PATH}:/opt/ros/jazzy DEBUGINFOD_URLS=https://debuginfod.ubuntu.com /usr/bin/cmake --build /home/pankaja/gp7_ws/build/gp7_description -- -j20 -l20
[0.072s] Invoked command in '/home/pankaja/gp7_ws/build/gp7_description' returned '0': CMAKE_PREFIX_PATH=${CMAKE_PREFIX_PATH}:/opt/ros/jazzy DEBUGINFOD_URLS=https://debuginfod.ubuntu.com /usr/bin/cmake --build /home/pankaja/gp7_ws/build/gp7_description -- -j20 -l20
[0.085s] Invoking command in '/home/pankaja/gp7_ws/build/gp7_description': CMAKE_PREFIX_PATH=${CMAKE_PREFIX_PATH}:/opt/ros/jazzy DEBUGINFOD_URLS=https://debuginfod.ubuntu.com /usr/bin/cmake --install /home/pankaja/gp7_ws/build/gp7_description
[0.097s] -- Install configuration: ""
[0.097s] -- Up-to-date: /home/pankaja/gp7_ws/install/gp7_description/share/gp7_description/config
[0.097s] -- Up-to-date: /home/pankaja/gp7_ws/install/gp7_description/share/gp7_description/config/gp7_joint_names.yaml
[0.097s] -- Installing: /home/pankaja/gp7_ws/install/gp7_description/share/gp7_description/config/gp7_controllers.yaml
[0.097s] -- Up-to-date: /home/pankaja/gp7_ws/install/gp7_description/share/gp7_description/config/urdf.rviz
[0.098s] -- Up-to-date: /home/pankaja/gp7_ws/install/gp7_description/share/gp7_description/launch
[0.098s] -- Up-to-date: /home/pankaja/gp7_ws/install/gp7_description/share/gp7_description/launch/gp7_gazebo.launch.py
[0.098s] -- Up-to-date: /home/pankaja/gp7_ws/install/gp7_description/share/gp7_description/launch/gazebo.launch
[0.098s] -- Up-to-date: /home/pankaja/gp7_ws/install/gp7_description/share/gp7_description/launch/gp7_display.launch.py
[0.098s] -- Up-to-date: /home/pankaja/gp7_ws/install/gp7_description/share/gp7_description/launch/display.launch
[0.098s] -- Up-to-date: /home/pankaja/gp7_ws/install/gp7_description/share/gp7_description/meshes
[0.098s] -- Up-to-date: /home/pankaja/gp7_ws/install/gp7_description/share/gp7_description/meshes/link_8.STL
[0.098s] -- Up-to-date: /home/pankaja/gp7_ws/install/gp7_description/share/gp7_description/meshes/link_3.STL
[0.098s] -- Up-to-date: /home/pankaja/gp7_ws/install/gp7_description/share/gp7_description/meshes/link_5.STL
[0.098s] -- Up-to-date: /home/pankaja/gp7_ws/install/gp7_description/share/gp7_description/meshes/link_4.STL
[0.098s] -- Up-to-date: /home/pankaja/gp7_ws/install/gp7_description/share/gp7_description/meshes/link_7.STL
[0.099s] -- Up-to-date: /home/pankaja/gp7_ws/install/gp7_description/share/gp7_description/meshes/link_1.STL
[0.099s] -- Up-to-date: /home/pankaja/gp7_ws/install/gp7_description/share/gp7_description/meshes/link_2.STL
[0.099s] -- Up-to-date: /home/pankaja/gp7_ws/install/gp7_description/share/gp7_description/meshes/link_6.STL
[0.100s] -- Up-to-date: /home/pankaja/gp7_ws/install/gp7_description/share/gp7_description/meshes/base_link.STL
[0.100s] -- Up-to-date: /home/pankaja/gp7_ws/install/gp7_description/share/gp7_description/urdf
[0.100s] -- Up-to-date: /home/pankaja/gp7_ws/install/gp7_description/share/gp7_description/urdf/gp7.csv
[0.100s] -- Up-to-date: /home/pankaja/gp7_ws/install/gp7_description/share/gp7_description/urdf/gp7.urdf
[0.100s] -- Up-to-date: /home/pankaja/gp7_ws/install/gp7_description/share/gp7_description/urdf/gp7.urdf.xacro
[0.100s] -- Up-to-date: /home/pankaja/gp7_ws/install/gp7_description/share/gp7_description/worlds
[0.101s] -- Up-to-date: /home/pankaja/gp7_ws/install/gp7_description/share/gp7_description/worlds/gp7_world.sdf
[0.101s] -- Up-to-date: /home/pankaja/gp7_ws/install/gp7_description/share/ament_index/resource_index/package_run_dependencies/gp7_description
[0.101s] -- Up-to-date: /home/pankaja/gp7_ws/install/gp7_description/share/ament_index/resource_index/parent_prefix_path/gp7_description
[0.101s] -- Up-to-date: /home/pankaja/gp7_ws/install/gp7_description/share/gp7_description/environment/ament_prefix_path.sh
[0.101s] -- Up-to-date: /home/pankaja/gp7_ws/install/gp7_description/share/gp7_description/environment/ament_prefix_path.dsv
[0.101s] -- Up-to-date: /home/pankaja/gp7_ws/install/gp7_description/share/gp7_description/environment/path.sh
[0.101s] -- Up-to-date: /home/pankaja/gp7_ws/install/gp7_description/share/gp7_description/environment/path.dsv
[0.101s] -- Up-to-date: /home/pankaja/gp7_ws/install/gp7_description/share/gp7_description/local_setup.bash
[0.101s] -- Up-to-date: /home/pankaja/gp7_ws/install/gp7_description/share/gp7_description/local_setup.sh
[0.101s] -- Up-to-date: /home/pankaja/gp7_ws/install/gp7_description/share/gp7_description/local_setup.zsh
[0.101s] -- Up-to-date: /home/pankaja/gp7_ws/install/gp7_description/share/gp7_description/local_setup.dsv
[0.101s] -- Installing: /home/pankaja/gp7_ws/install/gp7_description/share/gp7_description/package.dsv
[0.102s] -- Up-to-date: /home/pankaja/gp7_ws/install/gp7_description/share/ament_index/resource_index/packages/gp7_description
[0.102s] -- Up-to-date: /home/pankaja/gp7_ws/install/gp7_description/share/gp7_description/cmake/gp7_descriptionConfig.cmake
[0.102s] -- Up-to-date: /home/pankaja/gp7_ws/install/gp7_description/share/gp7_description/cmake/gp7_descriptionConfig-version.cmake
[0.102s] -- Up-to-date: /home/pankaja/gp7_ws/install/gp7_description/share/gp7_description/package.xml
[0.103s] Invoked command in '/home/pankaja/gp7_ws/build/gp7_description' returned '0': CMAKE_PREFIX_PATH=${CMAKE_PREFIX_PATH}:/opt/ros/jazzy DEBUGINFOD_URLS=https://debuginfod.ubuntu.com /usr/bin/cmake --install /home/pankaja/gp7_ws/build/gp7_description
