[0.009s] Invoking command in '/home/pankaja/gp7_ws/build/gp7_description': CMAKE_PREFIX_PATH=${CMAKE_PREFIX_PATH}:/opt/ros/jazzy DEBUGINFOD_URLS=https://debuginfod.ubuntu.com /usr/bin/cmake /home/pankaja/gp7_ws/src/gp7_description -DCMAKE_INSTALL_PREFIX=/home/pankaja/gp7_ws/install/gp7_description
[0.142s] -- The C compiler identification is GNU 13.3.0
[0.284s] -- The CXX compiler identification is GNU 13.3.0
[0.311s] -- Detecting C compiler ABI info
[0.435s] -- Detecting C compiler ABI info - done
[0.441s] -- Check for working C compiler: /usr/bin/cc - skipped
[0.441s] -- Detecting C compile features
[0.441s] -- Detecting C compile features - done
[0.449s] -- Detecting CXX compiler ABI info
[0.543s] -- Detecting CXX compiler ABI info - done
[0.548s] -- Check for working CXX compiler: /usr/bin/c++ - skipped
[0.549s] -- Detecting CXX compile features
[0.549s] -- Detecting CXX compile features - done
[0.556s] -- Found ament_cmake: 2.5.4 (/opt/ros/jazzy/share/ament_cmake/cmake)
[0.680s] -- Found Python3: /usr/bin/python3 (found version "3.12.3") found components: Interpreter 
[0.771s] -- Found ament_lint_auto: 0.17.3 (/opt/ros/jazzy/share/ament_lint_auto/cmake)
[0.842s] -- Configuring done (0.8s)
[0.843s] -- Generating done (0.0s)
[0.844s] -- Build files have been written to: /home/pankaja/gp7_ws/build/gp7_description
[0.847s] Invoked command in '/home/pankaja/gp7_ws/build/gp7_description' returned '0': CMAKE_PREFIX_PATH=${CMAKE_PREFIX_PATH}:/opt/ros/jazzy DEBUGINFOD_URLS=https://debuginfod.ubuntu.com /usr/bin/cmake /home/pankaja/gp7_ws/src/gp7_description -DCMAKE_INSTALL_PREFIX=/home/pankaja/gp7_ws/install/gp7_description
[0.848s] Invoking command in '/home/pankaja/gp7_ws/build/gp7_description': CMAKE_PREFIX_PATH=${CMAKE_PREFIX_PATH}:/opt/ros/jazzy DEBUGINFOD_URLS=https://debuginfod.ubuntu.com /usr/bin/cmake --build /home/pankaja/gp7_ws/build/gp7_description -- -j20 -l20
[0.887s] Invoked command in '/home/pankaja/gp7_ws/build/gp7_description' returned '0': CMAKE_PREFIX_PATH=${CMAKE_PREFIX_PATH}:/opt/ros/jazzy DEBUGINFOD_URLS=https://debuginfod.ubuntu.com /usr/bin/cmake --build /home/pankaja/gp7_ws/build/gp7_description -- -j20 -l20
[0.899s] Invoking command in '/home/pankaja/gp7_ws/build/gp7_description': CMAKE_PREFIX_PATH=${CMAKE_PREFIX_PATH}:/opt/ros/jazzy DEBUGINFOD_URLS=https://debuginfod.ubuntu.com /usr/bin/cmake --install /home/pankaja/gp7_ws/build/gp7_description
[0.910s] -- Install configuration: ""
[0.910s] -- Installing: /home/pankaja/gp7_ws/install/gp7_description/share/gp7_description/config
[0.910s] -- Installing: /home/pankaja/gp7_ws/install/gp7_description/share/gp7_description/config/gp7_joint_names.yaml
[0.910s] -- Installing: /home/pankaja/gp7_ws/install/gp7_description/share/gp7_description/config/gp7_controllers.yaml
[0.911s] -- Installing: /home/pankaja/gp7_ws/install/gp7_description/share/gp7_description/config/urdf.rviz
[0.911s] -- Installing: /home/pankaja/gp7_ws/install/gp7_description/share/gp7_description/launch
[0.911s] -- Installing: /home/pankaja/gp7_ws/install/gp7_description/share/gp7_description/launch/gp7_gazebo.launch.py
[0.911s] -- Installing: /home/pankaja/gp7_ws/install/gp7_description/share/gp7_description/launch/gazebo.launch
[0.911s] -- Installing: /home/pankaja/gp7_ws/install/gp7_description/share/gp7_description/launch/gp7_display.launch.py
[0.911s] -- Installing: /home/pankaja/gp7_ws/install/gp7_description/share/gp7_description/launch/display.launch
[0.911s] -- Installing: /home/pankaja/gp7_ws/install/gp7_description/share/gp7_description/meshes
[0.911s] -- Installing: /home/pankaja/gp7_ws/install/gp7_description/share/gp7_description/meshes/link_8.STL
[0.911s] -- Installing: /home/pankaja/gp7_ws/install/gp7_description/share/gp7_description/meshes/link_3.STL
[0.912s] -- Installing: /home/pankaja/gp7_ws/install/gp7_description/share/gp7_description/meshes/link_5.STL
[0.912s] -- Installing: /home/pankaja/gp7_ws/install/gp7_description/share/gp7_description/meshes/link_4.STL
[0.913s] -- Installing: /home/pankaja/gp7_ws/install/gp7_description/share/gp7_description/meshes/link_7.STL
[0.913s] -- Installing: /home/pankaja/gp7_ws/install/gp7_description/share/gp7_description/meshes/link_1.STL
[0.914s] -- Installing: /home/pankaja/gp7_ws/install/gp7_description/share/gp7_description/meshes/link_2.STL
[0.915s] -- Installing: /home/pankaja/gp7_ws/install/gp7_description/share/gp7_description/meshes/link_6.STL
[0.915s] -- Installing: /home/pankaja/gp7_ws/install/gp7_description/share/gp7_description/meshes/base_link.STL
[0.917s] -- Installing: /home/pankaja/gp7_ws/install/gp7_description/share/gp7_description/urdf
[0.917s] -- Installing: /home/pankaja/gp7_ws/install/gp7_description/share/gp7_description/urdf/gp7.csv
[0.918s] -- Installing: /home/pankaja/gp7_ws/install/gp7_description/share/gp7_description/urdf/gp7.urdf
[0.918s] -- Installing: /home/pankaja/gp7_ws/install/gp7_description/share/gp7_description/urdf/gp7.urdf.xacro
[0.918s] -- Installing: /home/pankaja/gp7_ws/install/gp7_description/share/gp7_description/worlds
[0.918s] -- Installing: /home/pankaja/gp7_ws/install/gp7_description/share/gp7_description/worlds/gp7_world.sdf
[0.918s] -- Installing: /home/pankaja/gp7_ws/install/gp7_description/share/ament_index/resource_index/package_run_dependencies/gp7_description
[0.918s] -- Installing: /home/pankaja/gp7_ws/install/gp7_description/share/ament_index/resource_index/parent_prefix_path/gp7_description
[0.918s] -- Installing: /home/pankaja/gp7_ws/install/gp7_description/share/gp7_description/environment/ament_prefix_path.sh
[0.918s] -- Installing: /home/pankaja/gp7_ws/install/gp7_description/share/gp7_description/environment/ament_prefix_path.dsv
[0.919s] -- Installing: /home/pankaja/gp7_ws/install/gp7_description/share/gp7_description/environment/path.sh
[0.919s] -- Installing: /home/pankaja/gp7_ws/install/gp7_description/share/gp7_description/environment/path.dsv
[0.919s] -- Installing: /home/pankaja/gp7_ws/install/gp7_description/share/gp7_description/local_setup.bash
[0.919s] -- Installing: /home/pankaja/gp7_ws/install/gp7_description/share/gp7_description/local_setup.sh
[0.919s] -- Installing: /home/pankaja/gp7_ws/install/gp7_description/share/gp7_description/local_setup.zsh
[0.919s] -- Installing: /home/pankaja/gp7_ws/install/gp7_description/share/gp7_description/local_setup.dsv
[0.919s] -- Installing: /home/pankaja/gp7_ws/install/gp7_description/share/gp7_description/package.dsv
[0.919s] -- Installing: /home/pankaja/gp7_ws/install/gp7_description/share/ament_index/resource_index/packages/gp7_description
[0.919s] -- Installing: /home/pankaja/gp7_ws/install/gp7_description/share/gp7_description/cmake/gp7_descriptionConfig.cmake
[0.920s] -- Installing: /home/pankaja/gp7_ws/install/gp7_description/share/gp7_description/cmake/gp7_descriptionConfig-version.cmake
[0.920s] -- Installing: /home/pankaja/gp7_ws/install/gp7_description/share/gp7_description/package.xml
[0.922s] Invoked command in '/home/pankaja/gp7_ws/build/gp7_description' returned '0': CMAKE_PREFIX_PATH=${CMAKE_PREFIX_PATH}:/opt/ros/jazzy DEBUGINFOD_URLS=https://debuginfod.ubuntu.com /usr/bin/cmake --install /home/pankaja/gp7_ws/build/gp7_description
