[0.187s] DEBUG:colcon:Command line arguments: ['/usr/bin/colcon', 'build', '--packages-select', 'gp7_description']
[0.187s] DEBUG:colcon:Parsed command line arguments: Namespace(log_base=None, log_level=None, verb_name='build', build_base='build', install_base='install', merge_install=False, symlink_install=False, test_result_base=None, continue_on_error=False, executor='parallel', parallel_workers=20, event_handlers=None, ignore_user_meta=False, metas=['./colcon.meta'], base_paths=['.'], packages_ignore=None, packages_ignore_regex=None, paths=None, packages_up_to=None, packages_up_to_regex=None, packages_above=None, packages_above_and_dependencies=None, packages_above_depth=None, packages_select_by_dep=None, packages_skip_by_dep=None, packages_skip_up_to=None, packages_select_build_failed=False, packages_skip_build_finished=False, packages_select_test_failures=False, packages_skip_test_passed=False, packages_select=['gp7_description'], packages_skip=None, packages_select_regex=None, packages_skip_regex=None, packages_start=None, packages_end=None, allow_overriding=[], cmake_args=None, cmake_target=None, cmake_target_skip_unavailable=False, cmake_clean_cache=False, cmake_clean_first=False, cmake_force_configure=False, ament_cmake_args=None, catkin_cmake_args=None, catkin_skip_building_tests=False, mixin_files=None, mixin=None, verb_parser=<colcon_mixin.mixin.mixin_argument.MixinArgumentDecorator object at 0x715e627cf650>, verb_extension=<colcon_core.verb.build.BuildVerb object at 0x715e627cf230>, main=<bound method BuildVerb.main of <colcon_core.verb.build.BuildVerb object at 0x715e627cf230>>, mixin_verb=('build',))
[0.230s] Level 1:colcon.colcon_core.package_discovery:discover_packages(colcon_meta) check parameters
[0.230s] Level 1:colcon.colcon_core.package_discovery:discover_packages(recursive) check parameters
[0.230s] Level 1:colcon.colcon_core.package_discovery:discover_packages(ignore) check parameters
[0.230s] Level 1:colcon.colcon_core.package_discovery:discover_packages(path) check parameters
[0.230s] Level 1:colcon.colcon_core.package_discovery:discover_packages(colcon_meta) discover
[0.230s] Level 1:colcon.colcon_core.package_discovery:discover_packages(recursive) discover
[0.230s] INFO:colcon.colcon_core.package_discovery:Crawling recursively for packages in '/home/pankaja/gp7_ws'
[0.230s] Level 1:colcon.colcon_core.package_identification:_identify(.) by extensions ['ignore', 'ignore_ament_install']
[0.230s] Level 1:colcon.colcon_core.package_identification:_identify(.) by extension 'ignore'
[0.230s] Level 1:colcon.colcon_core.package_identification:_identify(.) by extension 'ignore_ament_install'
[0.230s] Level 1:colcon.colcon_core.package_identification:_identify(.) by extensions ['colcon_pkg']
[0.230s] Level 1:colcon.colcon_core.package_identification:_identify(.) by extension 'colcon_pkg'
[0.230s] Level 1:colcon.colcon_core.package_identification:_identify(.) by extensions ['colcon_meta']
[0.230s] Level 1:colcon.colcon_core.package_identification:_identify(.) by extension 'colcon_meta'
[0.230s] Level 1:colcon.colcon_core.package_identification:_identify(.) by extensions ['ros']
[0.230s] Level 1:colcon.colcon_core.package_identification:_identify(.) by extension 'ros'
[0.263s] Level 1:colcon.colcon_core.package_identification:_identify(.) by extensions ['cmake', 'python']
[0.263s] Level 1:colcon.colcon_core.package_identification:_identify(.) by extension 'cmake'
[0.263s] Level 1:colcon.colcon_core.package_identification:_identify(.) by extension 'python'
[0.263s] Level 1:colcon.colcon_core.package_identification:_identify(.) by extensions ['python_setup_py']
[0.263s] Level 1:colcon.colcon_core.package_identification:_identify(.) by extension 'python_setup_py'
[0.263s] Level 1:colcon.colcon_core.package_identification:_identify(build) by extensions ['ignore', 'ignore_ament_install']
[0.264s] Level 1:colcon.colcon_core.package_identification:_identify(build) by extension 'ignore'
[0.264s] Level 1:colcon.colcon_core.package_identification:_identify(build) ignored
[0.264s] Level 1:colcon.colcon_core.package_identification:_identify(install) by extensions ['ignore', 'ignore_ament_install']
[0.264s] Level 1:colcon.colcon_core.package_identification:_identify(install) by extension 'ignore'
[0.264s] Level 1:colcon.colcon_core.package_identification:_identify(install) ignored
[0.264s] Level 1:colcon.colcon_core.package_identification:_identify(log) by extensions ['ignore', 'ignore_ament_install']
[0.264s] Level 1:colcon.colcon_core.package_identification:_identify(log) by extension 'ignore'
[0.264s] Level 1:colcon.colcon_core.package_identification:_identify(log) ignored
[0.264s] Level 1:colcon.colcon_core.package_identification:_identify(src) by extensions ['ignore', 'ignore_ament_install']
[0.264s] Level 1:colcon.colcon_core.package_identification:_identify(src) by extension 'ignore'
[0.264s] Level 1:colcon.colcon_core.package_identification:_identify(src) by extension 'ignore_ament_install'
[0.264s] Level 1:colcon.colcon_core.package_identification:_identify(src) by extensions ['colcon_pkg']
[0.264s] Level 1:colcon.colcon_core.package_identification:_identify(src) by extension 'colcon_pkg'
[0.264s] Level 1:colcon.colcon_core.package_identification:_identify(src) by extensions ['colcon_meta']
[0.264s] Level 1:colcon.colcon_core.package_identification:_identify(src) by extension 'colcon_meta'
[0.264s] Level 1:colcon.colcon_core.package_identification:_identify(src) by extensions ['ros']
[0.264s] Level 1:colcon.colcon_core.package_identification:_identify(src) by extension 'ros'
[0.265s] Level 1:colcon.colcon_core.package_identification:_identify(src) by extensions ['cmake', 'python']
[0.265s] Level 1:colcon.colcon_core.package_identification:_identify(src) by extension 'cmake'
[0.265s] Level 1:colcon.colcon_core.package_identification:_identify(src) by extension 'python'
[0.265s] Level 1:colcon.colcon_core.package_identification:_identify(src) by extensions ['python_setup_py']
[0.265s] Level 1:colcon.colcon_core.package_identification:_identify(src) by extension 'python_setup_py'
[0.265s] Level 1:colcon.colcon_core.package_identification:_identify(src/gp7_description) by extensions ['ignore', 'ignore_ament_install']
[0.265s] Level 1:colcon.colcon_core.package_identification:_identify(src/gp7_description) by extension 'ignore'
[0.265s] Level 1:colcon.colcon_core.package_identification:_identify(src/gp7_description) by extension 'ignore_ament_install'
[0.265s] Level 1:colcon.colcon_core.package_identification:_identify(src/gp7_description) by extensions ['colcon_pkg']
[0.265s] Level 1:colcon.colcon_core.package_identification:_identify(src/gp7_description) by extension 'colcon_pkg'
[0.265s] Level 1:colcon.colcon_core.package_identification:_identify(src/gp7_description) by extensions ['colcon_meta']
[0.265s] Level 1:colcon.colcon_core.package_identification:_identify(src/gp7_description) by extension 'colcon_meta'
[0.265s] Level 1:colcon.colcon_core.package_identification:_identify(src/gp7_description) by extensions ['ros']
[0.265s] Level 1:colcon.colcon_core.package_identification:_identify(src/gp7_description) by extension 'ros'
[0.268s] DEBUG:colcon.colcon_core.package_identification:Package 'src/gp7_description' with type 'ros.ament_cmake' and name 'gp7_description'
[0.268s] Level 1:colcon.colcon_core.package_discovery:discover_packages(recursive) using defaults
[0.268s] Level 1:colcon.colcon_core.package_discovery:discover_packages(ignore) discover
[0.268s] Level 1:colcon.colcon_core.package_discovery:discover_packages(ignore) using defaults
[0.268s] Level 1:colcon.colcon_core.package_discovery:discover_packages(path) discover
[0.268s] Level 1:colcon.colcon_core.package_discovery:discover_packages(path) using defaults
[0.290s] Level 1:colcon.colcon_core.package_discovery:discover_packages(prefix_path) check parameters
[0.291s] Level 1:colcon.colcon_core.package_discovery:discover_packages(prefix_path) discover
[0.294s] DEBUG:colcon.colcon_installed_package_information.package_discovery:Found 1 installed packages in /home/pankaja/gp7_ws/install
[0.296s] DEBUG:colcon.colcon_installed_package_information.package_discovery:Found 369 installed packages in /opt/ros/jazzy
[0.297s] Level 1:colcon.colcon_core.package_discovery:discover_packages(prefix_path) using defaults
[0.341s] Level 5:colcon.colcon_core.verb:set package 'gp7_description' build argument 'cmake_args' from command line to 'None'
[0.341s] Level 5:colcon.colcon_core.verb:set package 'gp7_description' build argument 'cmake_target' from command line to 'None'
[0.341s] Level 5:colcon.colcon_core.verb:set package 'gp7_description' build argument 'cmake_target_skip_unavailable' from command line to 'False'
[0.341s] Level 5:colcon.colcon_core.verb:set package 'gp7_description' build argument 'cmake_clean_cache' from command line to 'False'
[0.341s] Level 5:colcon.colcon_core.verb:set package 'gp7_description' build argument 'cmake_clean_first' from command line to 'False'
[0.341s] Level 5:colcon.colcon_core.verb:set package 'gp7_description' build argument 'cmake_force_configure' from command line to 'False'
[0.341s] Level 5:colcon.colcon_core.verb:set package 'gp7_description' build argument 'ament_cmake_args' from command line to 'None'
[0.341s] Level 5:colcon.colcon_core.verb:set package 'gp7_description' build argument 'catkin_cmake_args' from command line to 'None'
[0.341s] Level 5:colcon.colcon_core.verb:set package 'gp7_description' build argument 'catkin_skip_building_tests' from command line to 'False'
[0.341s] DEBUG:colcon.colcon_core.verb:Building package 'gp7_description' with the following arguments: {'ament_cmake_args': None, 'build_base': '/home/pankaja/gp7_ws/build/gp7_description', 'catkin_cmake_args': None, 'catkin_skip_building_tests': False, 'cmake_args': None, 'cmake_clean_cache': False, 'cmake_clean_first': False, 'cmake_force_configure': False, 'cmake_target': None, 'cmake_target_skip_unavailable': False, 'install_base': '/home/pankaja/gp7_ws/install/gp7_description', 'merge_install': False, 'path': '/home/pankaja/gp7_ws/src/gp7_description', 'symlink_install': False, 'test_result_base': None}
[0.342s] INFO:colcon.colcon_core.executor:Executing jobs using 'parallel' executor
[0.342s] DEBUG:colcon.colcon_parallel_executor.executor.parallel:run_until_complete
[0.343s] INFO:colcon.colcon_ros.task.ament_cmake.build:Building ROS package in '/home/pankaja/gp7_ws/src/gp7_description' with build type 'ament_cmake'
[0.343s] INFO:colcon.colcon_cmake.task.cmake.build:Building CMake package in '/home/pankaja/gp7_ws/src/gp7_description'
[0.349s] INFO:colcon.colcon_core.plugin_system:Skipping extension 'colcon_core.shell.bat': Not used on non-Windows systems
[0.349s] INFO:colcon.colcon_core.shell:Skip shell extension 'powershell' for command environment: Not usable outside of PowerShell
[0.349s] DEBUG:colcon.colcon_core.shell:Skip shell extension 'dsv' for command environment
[0.360s] DEBUG:colcon.colcon_core.event_handler.log_command:Invoking command in '/home/pankaja/gp7_ws/build/gp7_description': CMAKE_PREFIX_PATH=${CMAKE_PREFIX_PATH}:/opt/ros/jazzy DEBUGINFOD_URLS=https://debuginfod.ubuntu.com /usr/bin/cmake --build /home/pankaja/gp7_ws/build/gp7_description -- -j20 -l20
[0.403s] DEBUG:colcon.colcon_core.event_handler.log_command:Invoked command in '/home/pankaja/gp7_ws/build/gp7_description' returned '0': CMAKE_PREFIX_PATH=${CMAKE_PREFIX_PATH}:/opt/ros/jazzy DEBUGINFOD_URLS=https://debuginfod.ubuntu.com /usr/bin/cmake --build /home/pankaja/gp7_ws/build/gp7_description -- -j20 -l20
[0.417s] DEBUG:colcon.colcon_core.event_handler.log_command:Invoking command in '/home/pankaja/gp7_ws/build/gp7_description': CMAKE_PREFIX_PATH=${CMAKE_PREFIX_PATH}:/opt/ros/jazzy DEBUGINFOD_URLS=https://debuginfod.ubuntu.com /usr/bin/cmake --install /home/pankaja/gp7_ws/build/gp7_description
[0.431s] Level 1:colcon.colcon_core.environment:create_environment_scripts_only(gp7_description)
[0.431s] DEBUG:colcon.colcon_core.event_handler.log_command:Invoked command in '/home/pankaja/gp7_ws/build/gp7_description' returned '0': CMAKE_PREFIX_PATH=${CMAKE_PREFIX_PATH}:/opt/ros/jazzy DEBUGINFOD_URLS=https://debuginfod.ubuntu.com /usr/bin/cmake --install /home/pankaja/gp7_ws/build/gp7_description
[0.438s] Level 1:colcon.colcon_core.environment:checking '/home/pankaja/gp7_ws/install/gp7_description' for CMake module files
[0.439s] Level 1:colcon.colcon_core.environment:checking '/home/pankaja/gp7_ws/install/gp7_description' for CMake config files
[0.439s] Level 1:colcon.colcon_core.shell:create_environment_hook('gp7_description', 'cmake_prefix_path')
[0.439s] INFO:colcon.colcon_core.shell:Creating environment hook '/home/pankaja/gp7_ws/install/gp7_description/share/gp7_description/hook/cmake_prefix_path.ps1'
[0.440s] INFO:colcon.colcon_core.shell:Creating environment descriptor '/home/pankaja/gp7_ws/install/gp7_description/share/gp7_description/hook/cmake_prefix_path.dsv'
[0.441s] INFO:colcon.colcon_core.shell:Creating environment hook '/home/pankaja/gp7_ws/install/gp7_description/share/gp7_description/hook/cmake_prefix_path.sh'
[0.442s] Level 1:colcon.colcon_core.environment:checking '/home/pankaja/gp7_ws/install/gp7_description/bin'
[0.442s] Level 1:colcon.colcon_core.environment:checking '/home/pankaja/gp7_ws/install/gp7_description/lib/pkgconfig/gp7_description.pc'
[0.442s] Level 1:colcon.colcon_core.environment:checking '/home/pankaja/gp7_ws/install/gp7_description/lib/python3.12/site-packages'
[0.443s] Level 1:colcon.colcon_core.environment:checking '/home/pankaja/gp7_ws/install/gp7_description/bin'
[0.443s] INFO:colcon.colcon_core.shell:Creating package script '/home/pankaja/gp7_ws/install/gp7_description/share/gp7_description/package.ps1'
[0.444s] INFO:colcon.colcon_core.shell:Creating package descriptor '/home/pankaja/gp7_ws/install/gp7_description/share/gp7_description/package.dsv'
[0.444s] INFO:colcon.colcon_core.shell:Creating package script '/home/pankaja/gp7_ws/install/gp7_description/share/gp7_description/package.sh'
[0.444s] INFO:colcon.colcon_core.shell:Creating package script '/home/pankaja/gp7_ws/install/gp7_description/share/gp7_description/package.bash'
[0.445s] INFO:colcon.colcon_core.shell:Creating package script '/home/pankaja/gp7_ws/install/gp7_description/share/gp7_description/package.zsh'
[0.445s] Level 1:colcon.colcon_core.environment:create_file_with_runtime_dependencies(/home/pankaja/gp7_ws/install/gp7_description/share/colcon-core/packages/gp7_description)
[0.446s] Level 1:colcon.colcon_core.environment:create_environment_scripts_only(gp7_description)
[0.446s] Level 1:colcon.colcon_core.environment:checking '/home/pankaja/gp7_ws/install/gp7_description' for CMake module files
[0.446s] Level 1:colcon.colcon_core.environment:checking '/home/pankaja/gp7_ws/install/gp7_description' for CMake config files
[0.447s] Level 1:colcon.colcon_core.shell:create_environment_hook('gp7_description', 'cmake_prefix_path')
[0.447s] INFO:colcon.colcon_core.shell:Creating environment hook '/home/pankaja/gp7_ws/install/gp7_description/share/gp7_description/hook/cmake_prefix_path.ps1'
[0.447s] INFO:colcon.colcon_core.shell:Creating environment descriptor '/home/pankaja/gp7_ws/install/gp7_description/share/gp7_description/hook/cmake_prefix_path.dsv'
[0.447s] INFO:colcon.colcon_core.shell:Creating environment hook '/home/pankaja/gp7_ws/install/gp7_description/share/gp7_description/hook/cmake_prefix_path.sh'
[0.448s] Level 1:colcon.colcon_core.environment:checking '/home/pankaja/gp7_ws/install/gp7_description/bin'
[0.448s] Level 1:colcon.colcon_core.environment:checking '/home/pankaja/gp7_ws/install/gp7_description/lib/pkgconfig/gp7_description.pc'
[0.448s] Level 1:colcon.colcon_core.environment:checking '/home/pankaja/gp7_ws/install/gp7_description/lib/python3.12/site-packages'
[0.448s] Level 1:colcon.colcon_core.environment:checking '/home/pankaja/gp7_ws/install/gp7_description/bin'
[0.449s] INFO:colcon.colcon_core.shell:Creating package script '/home/pankaja/gp7_ws/install/gp7_description/share/gp7_description/package.ps1'
[0.449s] INFO:colcon.colcon_core.shell:Creating package descriptor '/home/pankaja/gp7_ws/install/gp7_description/share/gp7_description/package.dsv'
[0.450s] INFO:colcon.colcon_core.shell:Creating package script '/home/pankaja/gp7_ws/install/gp7_description/share/gp7_description/package.sh'
[0.450s] INFO:colcon.colcon_core.shell:Creating package script '/home/pankaja/gp7_ws/install/gp7_description/share/gp7_description/package.bash'
[0.450s] INFO:colcon.colcon_core.shell:Creating package script '/home/pankaja/gp7_ws/install/gp7_description/share/gp7_description/package.zsh'
[0.450s] Level 1:colcon.colcon_core.environment:create_file_with_runtime_dependencies(/home/pankaja/gp7_ws/install/gp7_description/share/colcon-core/packages/gp7_description)
[0.451s] DEBUG:colcon.colcon_parallel_executor.executor.parallel:closing loop
[0.451s] DEBUG:colcon.colcon_parallel_executor.executor.parallel:loop closed
[0.451s] DEBUG:colcon.colcon_parallel_executor.executor.parallel:run_until_complete finished with '0'
[0.451s] DEBUG:colcon.colcon_core.event_reactor:joining thread
[0.459s] INFO:colcon.colcon_core.plugin_system:Skipping extension 'colcon_notification.desktop_notification.terminal_notifier': Not used on non-Darwin systems
[0.459s] INFO:colcon.colcon_core.plugin_system:Skipping extension 'colcon_notification.desktop_notification.win32': Not used on non-Windows systems
[0.459s] INFO:colcon.colcon_notification.desktop_notification:Sending desktop notification using 'notify2'
[0.473s] DEBUG:colcon.colcon_core.event_reactor:joined thread
[0.473s] INFO:colcon.colcon_core.shell:Creating prefix script '/home/pankaja/gp7_ws/install/local_setup.ps1'
[0.475s] INFO:colcon.colcon_core.shell:Creating prefix util module '/home/pankaja/gp7_ws/install/_local_setup_util_ps1.py'
[0.476s] INFO:colcon.colcon_core.shell:Creating prefix chain script '/home/pankaja/gp7_ws/install/setup.ps1'
[0.476s] INFO:colcon.colcon_core.shell:Creating prefix script '/home/pankaja/gp7_ws/install/local_setup.sh'
[0.477s] INFO:colcon.colcon_core.shell:Creating prefix util module '/home/pankaja/gp7_ws/install/_local_setup_util_sh.py'
[0.477s] INFO:colcon.colcon_core.shell:Creating prefix chain script '/home/pankaja/gp7_ws/install/setup.sh'
[0.478s] INFO:colcon.colcon_core.shell:Creating prefix script '/home/pankaja/gp7_ws/install/local_setup.bash'
[0.478s] INFO:colcon.colcon_core.shell:Creating prefix chain script '/home/pankaja/gp7_ws/install/setup.bash'
[0.479s] INFO:colcon.colcon_core.shell:Creating prefix script '/home/pankaja/gp7_ws/install/local_setup.zsh'
[0.480s] INFO:colcon.colcon_core.shell:Creating prefix chain script '/home/pankaja/gp7_ws/install/setup.zsh'
