[0.123s] Invoking command in '/home/pankaja/gp7_ws/build/gp7_description': CMAKE_PREFIX_PATH=${CMAKE_PREFIX_PATH}:/home/pankaja/gp7_ws/install/gp7_control:/opt/ros/jazzy DEBUGINFOD_URLS=https://debuginfod.ubuntu.com /usr/bin/cmake /home/pankaja/gp7_ws/src/gp7_description -DCMAKE_INSTALL_PREFIX=/home/pankaja/gp7_ws/install/gp7_description
[0.160s] -- The C compiler identification is GNU 13.3.0
[0.201s] -- The CXX compiler identification is GNU 13.3.0
[0.215s] -- Detecting C compiler ABI info
[0.286s] -- Detecting C compiler ABI info - done
[0.295s] -- Check for working C compiler: /usr/bin/cc - skipped
[0.295s] -- Detecting C compile features
[0.296s] -- Detecting C compile features - done
[0.304s] -- Detecting CXX compiler ABI info
[0.382s] -- Detecting CXX compiler ABI info - done
[0.389s] -- Check for working CXX compiler: /usr/bin/c++ - skipped
[0.389s] -- Detecting CXX compile features
[0.389s] -- Detecting CXX compile features - done
[0.392s] -- Found ament_cmake: 2.5.4 (/opt/ros/jazzy/share/ament_cmake/cmake)
[0.497s] -- Found Python3: /usr/bin/python3 (found version "3.12.3") found components: Interpreter 
[0.582s] -- Found ament_lint_auto: 0.17.3 (/opt/ros/jazzy/share/ament_lint_auto/cmake)
[0.648s] -- Configuring done (0.5s)
[0.650s] -- Generating done (0.0s)
[0.650s] -- Build files have been written to: /home/pankaja/gp7_ws/build/gp7_description
[0.654s] Invoked command in '/home/pankaja/gp7_ws/build/gp7_description' returned '0': CMAKE_PREFIX_PATH=${CMAKE_PREFIX_PATH}:/home/pankaja/gp7_ws/install/gp7_control:/opt/ros/jazzy DEBUGINFOD_URLS=https://debuginfod.ubuntu.com /usr/bin/cmake /home/pankaja/gp7_ws/src/gp7_description -DCMAKE_INSTALL_PREFIX=/home/pankaja/gp7_ws/install/gp7_description
[0.655s] Invoking command in '/home/pankaja/gp7_ws/build/gp7_description': CMAKE_PREFIX_PATH=${CMAKE_PREFIX_PATH}:/home/pankaja/gp7_ws/install/gp7_control:/opt/ros/jazzy DEBUGINFOD_URLS=https://debuginfod.ubuntu.com /usr/bin/cmake --build /home/pankaja/gp7_ws/build/gp7_description -- -j20 -l20
[0.685s] Invoked command in '/home/pankaja/gp7_ws/build/gp7_description' returned '0': CMAKE_PREFIX_PATH=${CMAKE_PREFIX_PATH}:/home/pankaja/gp7_ws/install/gp7_control:/opt/ros/jazzy DEBUGINFOD_URLS=https://debuginfod.ubuntu.com /usr/bin/cmake --build /home/pankaja/gp7_ws/build/gp7_description -- -j20 -l20
[0.691s] Invoking command in '/home/pankaja/gp7_ws/build/gp7_description': CMAKE_PREFIX_PATH=${CMAKE_PREFIX_PATH}:/home/pankaja/gp7_ws/install/gp7_control:/opt/ros/jazzy DEBUGINFOD_URLS=https://debuginfod.ubuntu.com /usr/bin/cmake --install /home/pankaja/gp7_ws/build/gp7_description
[0.696s] -- Install configuration: ""
[0.696s] -- Installing: /home/pankaja/gp7_ws/install/gp7_description/share/gp7_description/config
[0.696s] -- Installing: /home/pankaja/gp7_ws/install/gp7_description/share/gp7_description/config/gp7_joint_names.yaml
[0.697s] -- Installing: /home/pankaja/gp7_ws/install/gp7_description/share/gp7_description/config/gp7_controllers.yaml
[0.697s] -- Installing: /home/pankaja/gp7_ws/install/gp7_description/share/gp7_description/config/urdf.rviz
[0.697s] -- Installing: /home/pankaja/gp7_ws/install/gp7_description/share/gp7_description/launch
[0.697s] -- Installing: /home/pankaja/gp7_ws/install/gp7_description/share/gp7_description/launch/gp7_gazebo.launch.py
[0.697s] -- Installing: /home/pankaja/gp7_ws/install/gp7_description/share/gp7_description/launch/gazebo.launch
[0.697s] -- Installing: /home/pankaja/gp7_ws/install/gp7_description/share/gp7_description/launch/gp7_display.launch.py
[0.697s] -- Installing: /home/pankaja/gp7_ws/install/gp7_description/share/gp7_description/launch/display.launch
[0.697s] -- Installing: /home/pankaja/gp7_ws/install/gp7_description/share/gp7_description/meshes
[0.697s] -- Installing: /home/pankaja/gp7_ws/install/gp7_description/share/gp7_description/meshes/link_8.STL
[0.697s] -- Installing: /home/pankaja/gp7_ws/install/gp7_description/share/gp7_description/meshes/link_3.STL
[0.697s] -- Installing: /home/pankaja/gp7_ws/install/gp7_description/share/gp7_description/meshes/link_5.STL
[0.697s] -- Installing: /home/pankaja/gp7_ws/install/gp7_description/share/gp7_description/meshes/link_4.STL
[0.698s] -- Installing: /home/pankaja/gp7_ws/install/gp7_description/share/gp7_description/meshes/link_7.STL
[0.698s] -- Installing: /home/pankaja/gp7_ws/install/gp7_description/share/gp7_description/meshes/link_1.STL
[0.698s] -- Installing: /home/pankaja/gp7_ws/install/gp7_description/share/gp7_description/meshes/link_2.STL
[0.699s] -- Installing: /home/pankaja/gp7_ws/install/gp7_description/share/gp7_description/meshes/link_6.STL
[0.699s] -- Installing: /home/pankaja/gp7_ws/install/gp7_description/share/gp7_description/meshes/base_link.STL
[0.700s] -- Installing: /home/pankaja/gp7_ws/install/gp7_description/share/gp7_description/urdf
[0.700s] -- Installing: /home/pankaja/gp7_ws/install/gp7_description/share/gp7_description/urdf/gp7.csv
[0.700s] -- Installing: /home/pankaja/gp7_ws/install/gp7_description/share/gp7_description/urdf/gp7.urdf
[0.700s] -- Installing: /home/pankaja/gp7_ws/install/gp7_description/share/gp7_description/urdf/gp7.urdf.xacro
[0.700s] -- Installing: /home/pankaja/gp7_ws/install/gp7_description/share/gp7_description/worlds
[0.700s] -- Installing: /home/pankaja/gp7_ws/install/gp7_description/share/gp7_description/worlds/gp7_world.sdf
[0.700s] -- Installing: /home/pankaja/gp7_ws/install/gp7_description/share/ament_index/resource_index/package_run_dependencies/gp7_description
[0.700s] -- Installing: /home/pankaja/gp7_ws/install/gp7_description/share/ament_index/resource_index/parent_prefix_path/gp7_description
[0.700s] -- Installing: /home/pankaja/gp7_ws/install/gp7_description/share/gp7_description/environment/ament_prefix_path.sh
[0.700s] -- Installing: /home/pankaja/gp7_ws/install/gp7_description/share/gp7_description/environment/ament_prefix_path.dsv
[0.700s] -- Installing: /home/pankaja/gp7_ws/install/gp7_description/share/gp7_description/environment/path.sh
[0.700s] -- Installing: /home/pankaja/gp7_ws/install/gp7_description/share/gp7_description/environment/path.dsv
[0.701s] -- Installing: /home/pankaja/gp7_ws/install/gp7_description/share/gp7_description/local_setup.bash
[0.701s] -- Installing: /home/pankaja/gp7_ws/install/gp7_description/share/gp7_description/local_setup.sh
[0.701s] -- Installing: /home/pankaja/gp7_ws/install/gp7_description/share/gp7_description/local_setup.zsh
[0.701s] -- Installing: /home/pankaja/gp7_ws/install/gp7_description/share/gp7_description/local_setup.dsv
[0.701s] -- Installing: /home/pankaja/gp7_ws/install/gp7_description/share/gp7_description/package.dsv
[0.701s] -- Installing: /home/pankaja/gp7_ws/install/gp7_description/share/ament_index/resource_index/packages/gp7_description
[0.701s] -- Installing: /home/pankaja/gp7_ws/install/gp7_description/share/gp7_description/cmake/gp7_descriptionConfig.cmake
[0.701s] -- Installing: /home/pankaja/gp7_ws/install/gp7_description/share/gp7_description/cmake/gp7_descriptionConfig-version.cmake
[0.701s] -- Installing: /home/pankaja/gp7_ws/install/gp7_description/share/gp7_description/package.xml
[0.702s] Invoked command in '/home/pankaja/gp7_ws/build/gp7_description' returned '0': CMAKE_PREFIX_PATH=${CMAKE_PREFIX_PATH}:/home/pankaja/gp7_ws/install/gp7_control:/opt/ros/jazzy DEBUGINFOD_URLS=https://debuginfod.ubuntu.com /usr/bin/cmake --install /home/pankaja/gp7_ws/build/gp7_description
