/home/pankaja/gp7_ws/install/gp7_control/lib/python3.12/site-packages/gp7_control/trajectory.py
/home/pankaja/gp7_ws/install/gp7_control/lib/python3.12/site-packages/gp7_control/pick_and_place_node.py
/home/pankaja/gp7_ws/install/gp7_control/lib/python3.12/site-packages/gp7_control/kinematics.py
/home/pankaja/gp7_ws/install/gp7_control/lib/python3.12/site-packages/gp7_control/__init__.py
/home/pankaja/gp7_ws/install/gp7_control/lib/python3.12/site-packages/gp7_control/test_movement_node.py
/home/pankaja/gp7_ws/install/gp7_control/lib/python3.12/site-packages/gp7_control/simple_joint_move_node.py
/home/pankaja/gp7_ws/install/gp7_control/lib/python3.12/site-packages/gp7_control/__pycache__/trajectory.cpython-312.pyc
/home/pankaja/gp7_ws/install/gp7_control/lib/python3.12/site-packages/gp7_control/__pycache__/pick_and_place_node.cpython-312.pyc
/home/pankaja/gp7_ws/install/gp7_control/lib/python3.12/site-packages/gp7_control/__pycache__/kinematics.cpython-312.pyc
/home/pankaja/gp7_ws/install/gp7_control/lib/python3.12/site-packages/gp7_control/__pycache__/__init__.cpython-312.pyc
/home/pankaja/gp7_ws/install/gp7_control/lib/python3.12/site-packages/gp7_control/__pycache__/test_movement_node.cpython-312.pyc
/home/pankaja/gp7_ws/install/gp7_control/lib/python3.12/site-packages/gp7_control/__pycache__/simple_joint_move_node.cpython-312.pyc
/home/pankaja/gp7_ws/install/gp7_control/lib/python3.12/site-packages/gp7_control-0.0.0-py3.12.egg-info/top_level.txt
/home/pankaja/gp7_ws/install/gp7_control/lib/python3.12/site-packages/gp7_control-0.0.0-py3.12.egg-info/SOURCES.txt
/home/pankaja/gp7_ws/install/gp7_control/lib/python3.12/site-packages/gp7_control-0.0.0-py3.12.egg-info/entry_points.txt
/home/pankaja/gp7_ws/install/gp7_control/lib/python3.12/site-packages/gp7_control-0.0.0-py3.12.egg-info/dependency_links.txt
/home/pankaja/gp7_ws/install/gp7_control/lib/python3.12/site-packages/gp7_control-0.0.0-py3.12.egg-info/zip-safe
/home/pankaja/gp7_ws/install/gp7_control/lib/python3.12/site-packages/gp7_control-0.0.0-py3.12.egg-info/PKG-INFO
/home/pankaja/gp7_ws/install/gp7_control/lib/python3.12/site-packages/gp7_control-0.0.0-py3.12.egg-info/requires.txt
/home/pankaja/gp7_ws/install/gp7_control/lib/gp7_control/pick_and_place
/home/pankaja/gp7_ws/install/gp7_control/lib/gp7_control/simple_joint_move
/home/pankaja/gp7_ws/install/gp7_control/lib/gp7_control/test_movement
