running egg_info
writing ../../build/gp7_control/gp7_control.egg-info/PKG-INFO
writing dependency_links to ../../build/gp7_control/gp7_control.egg-info/dependency_links.txt
writing entry points to ../../build/gp7_control/gp7_control.egg-info/entry_points.txt
writing requirements to ../../build/gp7_control/gp7_control.egg-info/requires.txt
writing top-level names to ../../build/gp7_control/gp7_control.egg-info/top_level.txt
reading manifest file '../../build/gp7_control/gp7_control.egg-info/SOURCES.txt'
writing manifest file '../../build/gp7_control/gp7_control.egg-info/SOURCES.txt'
running build
running build_py
copying gp7_control/simple_joint_move_node.py -> /home/pankaja/gp7_ws/build/gp7_control/build/lib/gp7_control
running install
running install_lib
copying /home/pankaja/gp7_ws/build/gp7_control/build/lib/gp7_control/simple_joint_move_node.py -> /home/pankaja/gp7_ws/install/gp7_control/lib/python3.12/site-packages/gp7_control
byte-compiling /home/pankaja/gp7_ws/install/gp7_control/lib/python3.12/site-packages/gp7_control/simple_joint_move_node.py to simple_joint_move_node.cpython-312.pyc
running install_egg_info
removing '/home/pankaja/gp7_ws/install/gp7_control/lib/python3.12/site-packages/gp7_control-0.0.0-py3.12.egg-info' (and everything under it)
Copying ../../build/gp7_control/gp7_control.egg-info to /home/pankaja/gp7_ws/install/gp7_control/lib/python3.12/site-packages/gp7_control-0.0.0-py3.12.egg-info
running install_scripts
Installing pick_and_place script to /home/pankaja/gp7_ws/install/gp7_control/lib/gp7_control
Installing simple_joint_move script to /home/pankaja/gp7_ws/install/gp7_control/lib/gp7_control
Installing test_movement script to /home/pankaja/gp7_ws/install/gp7_control/lib/gp7_control
writing list of installed files to '/home/pankaja/gp7_ws/build/gp7_control/install.log'
