[0.460s] Invoking command in '/home/pankaja/gp7_ws/src/gp7_control': DEBUGINFOD_URLS=https://debuginfod.ubuntu.com PYTHONPATH=/home/pankaja/gp7_ws/build/gp7_control/prefix_override:/usr/lib/python3/dist-packages/colcon_core/task/python/colcon_distutils_commands:/home/pankaja/gp7_ws/install/gp7_control/lib/python3.12/site-packages:${PYTHONPATH} /usr/bin/python3 -W ignore:setup.py install is deprecated -W ignore:easy_install command is deprecated setup.py egg_info --egg-base ../../build/gp7_control build --build-base /home/pankaja/gp7_ws/build/gp7_control/build install --record /home/pankaja/gp7_ws/build/gp7_control/install.log --single-version-externally-managed
[0.599s] running egg_info
[0.609s] writing ../../build/gp7_control/gp7_control.egg-info/PKG-INFO
[0.609s] writing dependency_links to ../../build/gp7_control/gp7_control.egg-info/dependency_links.txt
[0.609s] writing entry points to ../../build/gp7_control/gp7_control.egg-info/entry_points.txt
[0.609s] writing requirements to ../../build/gp7_control/gp7_control.egg-info/requires.txt
[0.609s] writing top-level names to ../../build/gp7_control/gp7_control.egg-info/top_level.txt
[0.631s] reading manifest file '../../build/gp7_control/gp7_control.egg-info/SOURCES.txt'
[0.631s] writing manifest file '../../build/gp7_control/gp7_control.egg-info/SOURCES.txt'
[0.631s] running build
[0.631s] running build_py
[0.631s] running install
[0.635s] running install_lib
[0.646s] running install_egg_info
[0.657s] removing '/home/pankaja/gp7_ws/install/gp7_control/lib/python3.12/site-packages/gp7_control-0.0.0-py3.12.egg-info' (and everything under it)
[0.657s] Copying ../../build/gp7_control/gp7_control.egg-info to /home/pankaja/gp7_ws/install/gp7_control/lib/python3.12/site-packages/gp7_control-0.0.0-py3.12.egg-info
[0.658s] running install_scripts
[0.727s] Installing pick_and_place script to /home/pankaja/gp7_ws/install/gp7_control/lib/gp7_control
[0.727s] writing list of installed files to '/home/pankaja/gp7_ws/build/gp7_control/install.log'
[0.741s] Invoked command in '/home/pankaja/gp7_ws/src/gp7_control' returned '0': DEBUGINFOD_URLS=https://debuginfod.ubuntu.com PYTHONPATH=/home/pankaja/gp7_ws/build/gp7_control/prefix_override:/usr/lib/python3/dist-packages/colcon_core/task/python/colcon_distutils_commands:/home/pankaja/gp7_ws/install/gp7_control/lib/python3.12/site-packages:${PYTHONPATH} /usr/bin/python3 -W ignore:setup.py install is deprecated -W ignore:easy_install command is deprecated setup.py egg_info --egg-base ../../build/gp7_control build --build-base /home/pankaja/gp7_ws/build/gp7_control/build install --record /home/pankaja/gp7_ws/build/gp7_control/install.log --single-version-externally-managed
