-- Install configuration: ""
-- Installing: /home/pankaja/gp7_ws/install/gp7_description/share/gp7_description/config
-- Installing: /home/pankaja/gp7_ws/install/gp7_description/share/gp7_description/config/gp7_joint_names.yaml
-- Installing: /home/pankaja/gp7_ws/install/gp7_description/share/gp7_description/config/gp7_controllers.yaml
-- Installing: /home/pankaja/gp7_ws/install/gp7_description/share/gp7_description/config/urdf.rviz
-- Installing: /home/pankaja/gp7_ws/install/gp7_description/share/gp7_description/launch
-- Installing: /home/pankaja/gp7_ws/install/gp7_description/share/gp7_description/launch/gp7_gazebo.launch.py
-- Installing: /home/pankaja/gp7_ws/install/gp7_description/share/gp7_description/launch/gazebo.launch
-- Installing: /home/pankaja/gp7_ws/install/gp7_description/share/gp7_description/launch/gp7_display.launch.py
-- Installing: /home/pankaja/gp7_ws/install/gp7_description/share/gp7_description/launch/display.launch
-- Installing: /home/pankaja/gp7_ws/install/gp7_description/share/gp7_description/launch/gp7_gazebo_control.launch.py
-- Installing: /home/pankaja/gp7_ws/install/gp7_description/share/gp7_description/meshes
-- Installing: /home/pankaja/gp7_ws/install/gp7_description/share/gp7_description/meshes/link_8.STL
-- Installing: /home/pankaja/gp7_ws/install/gp7_description/share/gp7_description/meshes/link_3.STL
-- Installing: /home/pankaja/gp7_ws/install/gp7_description/share/gp7_description/meshes/link_5.STL
-- Installing: /home/pankaja/gp7_ws/install/gp7_description/share/gp7_description/meshes/link_4.STL
-- Installing: /home/pankaja/gp7_ws/install/gp7_description/share/gp7_description/meshes/link_7.STL
-- Installing: /home/pankaja/gp7_ws/install/gp7_description/share/gp7_description/meshes/link_1.STL
-- Installing: /home/pankaja/gp7_ws/install/gp7_description/share/gp7_description/meshes/link_2.STL
-- Installing: /home/pankaja/gp7_ws/install/gp7_description/share/gp7_description/meshes/link_6.STL
-- Installing: /home/pankaja/gp7_ws/install/gp7_description/share/gp7_description/meshes/base_link.STL
-- Installing: /home/pankaja/gp7_ws/install/gp7_description/share/gp7_description/urdf
-- Installing: /home/pankaja/gp7_ws/install/gp7_description/share/gp7_description/urdf/gp7.csv
-- Installing: /home/pankaja/gp7_ws/install/gp7_description/share/gp7_description/urdf/gp7.urdf
-- Installing: /home/pankaja/gp7_ws/install/gp7_description/share/gp7_description/worlds
-- Installing: /home/pankaja/gp7_ws/install/gp7_description/share/gp7_description/worlds/gp7_world.sdf
-- Installing: /home/pankaja/gp7_ws/install/gp7_description/share/ament_index/resource_index/package_run_dependencies/gp7_description
-- Installing: /home/pankaja/gp7_ws/install/gp7_description/share/ament_index/resource_index/parent_prefix_path/gp7_description
-- Installing: /home/pankaja/gp7_ws/install/gp7_description/share/gp7_description/environment/ament_prefix_path.sh
-- Installing: /home/pankaja/gp7_ws/install/gp7_description/share/gp7_description/environment/ament_prefix_path.dsv
-- Installing: /home/pankaja/gp7_ws/install/gp7_description/share/gp7_description/environment/path.sh
-- Installing: /home/pankaja/gp7_ws/install/gp7_description/share/gp7_description/environment/path.dsv
-- Installing: /home/pankaja/gp7_ws/install/gp7_description/share/gp7_description/local_setup.bash
-- Installing: /home/pankaja/gp7_ws/install/gp7_description/share/gp7_description/local_setup.sh
-- Installing: /home/pankaja/gp7_ws/install/gp7_description/share/gp7_description/local_setup.zsh
-- Installing: /home/pankaja/gp7_ws/install/gp7_description/share/gp7_description/local_setup.dsv
-- Installing: /home/pankaja/gp7_ws/install/gp7_description/share/gp7_description/package.dsv
-- Installing: /home/pankaja/gp7_ws/install/gp7_description/share/ament_index/resource_index/packages/gp7_description
-- Installing: /home/pankaja/gp7_ws/install/gp7_description/share/gp7_description/cmake/gp7_descriptionConfig.cmake
-- Installing: /home/pankaja/gp7_ws/install/gp7_description/share/gp7_description/cmake/gp7_descriptionConfig-version.cmake
-- Installing: /home/pankaja/gp7_ws/install/gp7_description/share/gp7_description/package.xml
