running egg_info
writing ../../build/gp7_control/gp7_control.egg-info/PKG-INFO
writing dependency_links to ../../build/gp7_control/gp7_control.egg-info/dependency_links.txt
writing entry points to ../../build/gp7_control/gp7_control.egg-info/entry_points.txt
writing requirements to ../../build/gp7_control/gp7_control.egg-info/requires.txt
writing top-level names to ../../build/gp7_control/gp7_control.egg-info/top_level.txt
reading manifest file '../../build/gp7_control/gp7_control.egg-info/SOURCES.txt'
writing manifest file '../../build/gp7_control/gp7_control.egg-info/SOURCES.txt'
running build
running build_py
running install
running install_lib
creating /home/pankaja/gp7_ws/install/gp7_control/lib/python3.12/site-packages/gp7_control
copying /home/pankaja/gp7_ws/build/gp7_control/build/lib/gp7_control/trajectory.py -> /home/pankaja/gp7_ws/install/gp7_control/lib/python3.12/site-packages/gp7_control
copying /home/pankaja/gp7_ws/build/gp7_control/build/lib/gp7_control/pick_and_place_node.py -> /home/pankaja/gp7_ws/install/gp7_control/lib/python3.12/site-packages/gp7_control
copying /home/pankaja/gp7_ws/build/gp7_control/build/lib/gp7_control/kinematics.py -> /home/pankaja/gp7_ws/install/gp7_control/lib/python3.12/site-packages/gp7_control
copying /home/pankaja/gp7_ws/build/gp7_control/build/lib/gp7_control/__init__.py -> /home/pankaja/gp7_ws/install/gp7_control/lib/python3.12/site-packages/gp7_control
copying /home/pankaja/gp7_ws/build/gp7_control/build/lib/gp7_control/test_movement_node.py -> /home/pankaja/gp7_ws/install/gp7_control/lib/python3.12/site-packages/gp7_control
byte-compiling /home/pankaja/gp7_ws/install/gp7_control/lib/python3.12/site-packages/gp7_control/trajectory.py to trajectory.cpython-312.pyc
byte-compiling /home/pankaja/gp7_ws/install/gp7_control/lib/python3.12/site-packages/gp7_control/pick_and_place_node.py to pick_and_place_node.cpython-312.pyc
byte-compiling /home/pankaja/gp7_ws/install/gp7_control/lib/python3.12/site-packages/gp7_control/kinematics.py to kinematics.cpython-312.pyc
byte-compiling /home/pankaja/gp7_ws/install/gp7_control/lib/python3.12/site-packages/gp7_control/__init__.py to __init__.cpython-312.pyc
byte-compiling /home/pankaja/gp7_ws/install/gp7_control/lib/python3.12/site-packages/gp7_control/test_movement_node.py to test_movement_node.cpython-312.pyc
running install_egg_info
Copying ../../build/gp7_control/gp7_control.egg-info to /home/pankaja/gp7_ws/install/gp7_control/lib/python3.12/site-packages/gp7_control-0.0.0-py3.12.egg-info
running install_scripts
Installing pick_and_place script to /home/pankaja/gp7_ws/install/gp7_control/lib/gp7_control
Installing test_movement script to /home/pankaja/gp7_ws/install/gp7_control/lib/gp7_control
writing list of installed files to '/home/pankaja/gp7_ws/build/gp7_control/install.log'
