[0.008s] Invoking command in '/home/pankaja/gp7_ws/build/gp7_description': CMAKE_PREFIX_PATH=${CMAKE_PREFIX_PATH}:/opt/ros/jazzy DEBUGINFOD_URLS=https://debuginfod.ubuntu.com /usr/bin/cmake /home/pankaja/gp7_ws/src/gp7_description -DCMAKE_INSTALL_PREFIX=/home/pankaja/gp7_ws/install/gp7_description
[0.047s] -- The C compiler identification is GNU 13.3.0
[0.080s] -- The CXX compiler identification is GNU 13.3.0
[0.093s] -- Detecting C compiler ABI info
[0.153s] -- Detecting C compiler ABI info - done
[0.159s] -- Check for working C compiler: /usr/bin/cc - skipped
[0.159s] -- Detecting C compile features
[0.160s] -- Detecting C compile features - done
[0.167s] -- Detecting CXX compiler ABI info
[0.240s] -- Detecting CXX compiler ABI info - done
[0.245s] -- Check for working CXX compiler: /usr/bin/c++ - skipped
[0.245s] -- Detecting CXX compile features
[0.246s] -- Detecting CXX compile features - done
[0.248s] -- Found ament_cmake: 2.5.4 (/opt/ros/jazzy/share/ament_cmake/cmake)
[0.338s] -- Found Python3: /usr/bin/python3 (found version "3.12.3") found components: Interpreter 
[0.408s] -- Found ament_lint_auto: 0.17.3 (/opt/ros/jazzy/share/ament_lint_auto/cmake)
[0.465s] -- Configuring done (0.4s)
[0.466s] -- Generating done (0.0s)
[0.467s] -- Build files have been written to: /home/pankaja/gp7_ws/build/gp7_description
[0.470s] Invoked command in '/home/pankaja/gp7_ws/build/gp7_description' returned '0': CMAKE_PREFIX_PATH=${CMAKE_PREFIX_PATH}:/opt/ros/jazzy DEBUGINFOD_URLS=https://debuginfod.ubuntu.com /usr/bin/cmake /home/pankaja/gp7_ws/src/gp7_description -DCMAKE_INSTALL_PREFIX=/home/pankaja/gp7_ws/install/gp7_description
[0.471s] Invoking command in '/home/pankaja/gp7_ws/build/gp7_description': CMAKE_PREFIX_PATH=${CMAKE_PREFIX_PATH}:/opt/ros/jazzy DEBUGINFOD_URLS=https://debuginfod.ubuntu.com /usr/bin/cmake --build /home/pankaja/gp7_ws/build/gp7_description -- -j20 -l20
[0.503s] Invoked command in '/home/pankaja/gp7_ws/build/gp7_description' returned '0': CMAKE_PREFIX_PATH=${CMAKE_PREFIX_PATH}:/opt/ros/jazzy DEBUGINFOD_URLS=https://debuginfod.ubuntu.com /usr/bin/cmake --build /home/pankaja/gp7_ws/build/gp7_description -- -j20 -l20
[0.510s] Invoking command in '/home/pankaja/gp7_ws/build/gp7_description': CMAKE_PREFIX_PATH=${CMAKE_PREFIX_PATH}:/opt/ros/jazzy DEBUGINFOD_URLS=https://debuginfod.ubuntu.com /usr/bin/cmake --install /home/pankaja/gp7_ws/build/gp7_description
[0.518s] -- Install configuration: ""
[0.518s] -- Installing: /home/pankaja/gp7_ws/install/gp7_description/share/gp7_description/config
[0.518s] -- Installing: /home/pankaja/gp7_ws/install/gp7_description/share/gp7_description/config/gp7_joint_names.yaml
[0.518s] -- Installing: /home/pankaja/gp7_ws/install/gp7_description/share/gp7_description/config/urdf.rviz
[0.519s] -- Installing: /home/pankaja/gp7_ws/install/gp7_description/share/gp7_description/launch
[0.519s] -- Installing: /home/pankaja/gp7_ws/install/gp7_description/share/gp7_description/launch/gp7_gazebo.launch.py
[0.519s] -- Installing: /home/pankaja/gp7_ws/install/gp7_description/share/gp7_description/launch/gazebo.launch
[0.519s] -- Installing: /home/pankaja/gp7_ws/install/gp7_description/share/gp7_description/launch/gp7_display.launch.py
[0.519s] -- Installing: /home/pankaja/gp7_ws/install/gp7_description/share/gp7_description/launch/display.launch
[0.519s] -- Installing: /home/pankaja/gp7_ws/install/gp7_description/share/gp7_description/meshes
[0.519s] -- Installing: /home/pankaja/gp7_ws/install/gp7_description/share/gp7_description/meshes/link_8.STL
[0.519s] -- Installing: /home/pankaja/gp7_ws/install/gp7_description/share/gp7_description/meshes/link_3.STL
[0.519s] -- Installing: /home/pankaja/gp7_ws/install/gp7_description/share/gp7_description/meshes/link_5.STL
[0.519s] -- Installing: /home/pankaja/gp7_ws/install/gp7_description/share/gp7_description/meshes/link_4.STL
[0.520s] -- Installing: /home/pankaja/gp7_ws/install/gp7_description/share/gp7_description/meshes/link_7.STL
[0.520s] -- Installing: /home/pankaja/gp7_ws/install/gp7_description/share/gp7_description/meshes/link_1.STL
[0.520s] -- Installing: /home/pankaja/gp7_ws/install/gp7_description/share/gp7_description/meshes/link_2.STL
[0.520s] -- Installing: /home/pankaja/gp7_ws/install/gp7_description/share/gp7_description/meshes/link_6.STL
[0.520s] -- Installing: /home/pankaja/gp7_ws/install/gp7_description/share/gp7_description/meshes/base_link.STL
[0.521s] -- Installing: /home/pankaja/gp7_ws/install/gp7_description/share/gp7_description/urdf
[0.522s] -- Installing: /home/pankaja/gp7_ws/install/gp7_description/share/gp7_description/urdf/gp7.csv
[0.522s] -- Installing: /home/pankaja/gp7_ws/install/gp7_description/share/gp7_description/urdf/gp7.urdf
[0.522s] -- Installing: /home/pankaja/gp7_ws/install/gp7_description/share/ament_index/resource_index/package_run_dependencies/gp7_description
[0.522s] -- Installing: /home/pankaja/gp7_ws/install/gp7_description/share/ament_index/resource_index/parent_prefix_path/gp7_description
[0.522s] -- Installing: /home/pankaja/gp7_ws/install/gp7_description/share/gp7_description/environment/ament_prefix_path.sh
[0.522s] -- Installing: /home/pankaja/gp7_ws/install/gp7_description/share/gp7_description/environment/ament_prefix_path.dsv
[0.522s] -- Installing: /home/pankaja/gp7_ws/install/gp7_description/share/gp7_description/environment/path.sh
[0.522s] -- Installing: /home/pankaja/gp7_ws/install/gp7_description/share/gp7_description/environment/path.dsv
[0.522s] -- Installing: /home/pankaja/gp7_ws/install/gp7_description/share/gp7_description/local_setup.bash
[0.522s] -- Installing: /home/pankaja/gp7_ws/install/gp7_description/share/gp7_description/local_setup.sh
[0.522s] -- Installing: /home/pankaja/gp7_ws/install/gp7_description/share/gp7_description/local_setup.zsh
[0.522s] -- Installing: /home/pankaja/gp7_ws/install/gp7_description/share/gp7_description/local_setup.dsv
[0.522s] -- Installing: /home/pankaja/gp7_ws/install/gp7_description/share/gp7_description/package.dsv
[0.522s] -- Installing: /home/pankaja/gp7_ws/install/gp7_description/share/ament_index/resource_index/packages/gp7_description
[0.522s] -- Installing: /home/pankaja/gp7_ws/install/gp7_description/share/gp7_description/cmake/gp7_descriptionConfig.cmake
[0.522s] -- Installing: /home/pankaja/gp7_ws/install/gp7_description/share/gp7_description/cmake/gp7_descriptionConfig-version.cmake
[0.522s] -- Installing: /home/pankaja/gp7_ws/install/gp7_description/share/gp7_description/package.xml
[0.523s] Invoked command in '/home/pankaja/gp7_ws/build/gp7_description' returned '0': CMAKE_PREFIX_PATH=${CMAKE_PREFIX_PATH}:/opt/ros/jazzy DEBUGINFOD_URLS=https://debuginfod.ubuntu.com /usr/bin/cmake --install /home/pankaja/gp7_ws/build/gp7_description
